<?xml version="1.0" encoding="UTF-8"?>
<!-- Generated by org.testng.reporters.JUnitXMLReporter -->
<testsuite ignored="1" hostname="DESKTOP-TLETKQT" failures="0" tests="2" name="GoogleTest" time="12.922" errors="0" timestamp="2022-06-11T15:19:04 BDT">
  <testcase classname="com.testng.TestNGLogin" name="EnterLoginDetails" time="10.876"/>
  <testcase classname="com.testng.TestNGLogin" name="NavigateToMyInfo" time="2.032"/>
  <testcase classname="com.testng.TestNGLogin" name="VarifyMyInfo" time="0.0">
    <ignored/>
  </testcase> <!-- VarifyMyInfo -->
</testsuite> <!-- GoogleTest -->
