<?xml version="1.0" encoding="UTF-8"?>
<!-- Generated by org.testng.reporters.JUnitXMLReporter -->
<testsuite ignored="0" hostname="DESKTOP-TLETKQT" failures="0" tests="3" name="OrangLogin" time="17.677" errors="0" timestamp="2022-06-11T15:15:20 BDT">
  <testcase classname="com.testng.TestNGLogin" name="EnterLoginDetails" time="13.526"/>
  <testcase classname="com.testng.TestNGLogin" name="NavigateToMyInfo" time="3.344"/>
  <testcase classname="com.testng.TestNGLogin" name="VarifyMyInfo" time="0.714"/>
</testsuite> <!-- OrangLogin -->
