<?xml version="1.0" encoding="UTF-8"?>
<!-- Generated by org.testng.reporters.JUnitXMLReporter -->
<testsuite ignored="0" hostname="DESKTOP-TLETKQT" failures="0" tests="3" name="OrangeHRM" time="14.551" errors="0" timestamp="2022-06-11T15:30:47 BDT">
  <testcase classname="com.testng.TestNGLogin" name="EnterLoginDetails" time="11.667"/>
  <testcase classname="com.testng.TestNGLogin" name="NavigateToMyInfo" time="2.272"/>
  <testcase classname="com.testng.TestNGLogin" name="VarifyMyInfo" time="0.457"/>
</testsuite> <!-- OrangeHRM -->
