<?xml version="1.0" encoding="UTF-8"?>
<!-- Generated by org.testng.reporters.JUnitXMLReporter -->
<testsuite ignored="2" hostname="DESKTOP-TLETKQT" failures="0" tests="0" time="0.002" errors="0" timestamp="2022-06-11T15:18:51 BDT">
  <testcase classname="com.testng.FirstTest_TestNG" name="FacebookTest" time="0.0">
    <ignored/>
  </testcase> <!-- FacebookTest -->
  <testcase classname="com.testng.FirstTest_TestNG" name="GoogleTest" time="0.0">
    <ignored/>
  </testcase> <!-- GoogleTest -->
</testsuite>
