<?xml version="1.0" encoding="UTF-8"?>
<!-- Generated by org.testng.reporters.JUnitXMLReporter -->
<testsuite ignored="1" hostname="DESKTOP-TLETKQT" failures="0" tests="2" name="TestGoogle" time="12.356" errors="0" timestamp="2022-06-11T15:15:33 BDT">
  <testcase classname="com.testng.TestNGLogin" name="EnterLoginDetails" time="9.792"/>
  <testcase classname="com.testng.TestNGLogin" name="NavigateToMyInfo" time="2.549"/>
  <testcase classname="com.testng.TestNGLogin" name="VarifyMyInfo" time="0.0">
    <ignored/>
  </testcase> <!-- VarifyMyInfo -->
</testsuite> <!-- TestGoogle -->
