<?xml version="1.0" encoding="UTF-8"?>
<!-- Generated by org.testng.reporters.JUnitXMLReporter -->
<testsuite ignored="1" hostname="DESKTOP-TLETKQT" failures="0" tests="3" name="GRP-regression" time="0.134" errors="0" timestamp="2022-06-13T12:13:56 BDT">
  <testcase classname="com.webportal.GrpupsDemoTest" name="bTest3" time="0.022"/>
  <testcase classname="com.webportal.GrpupsDemoTest" name="aTest1" time="0.002"/>
  <testcase classname="com.webportal.GrpupsDemoTest" name="bTest2" time="0.003"/>
  <testcase classname="com.webportal.GrpupsDemoTest" name="bTest4" time="0.0">
    <ignored/>
  </testcase> <!-- bTest4 -->
</testsuite> <!-- GRP-regression -->
