<?xml version="1.0" encoding="UTF-8"?>
<!-- Generated by org.testng.reporters.JUnitXMLReporter -->
<testsuite ignored="2" hostname="DESKTOP-TLETKQT" failures="0" tests="2" name="GRP-bvt" time="0.112" errors="0" timestamp="2022-06-13T12:13:15 BDT">
  <testcase classname="com.webportal.GrpupsDemoTest" name="bTest3" time="0.02"/>
  <testcase classname="com.webportal.GrpupsDemoTest" name="bTest4" time="0.001"/>
  <testcase classname="com.webportal.GrpupsDemoTest" name="aTest1" time="0.0">
    <ignored/>
  </testcase> <!-- aTest1 -->
  <testcase classname="com.webportal.GrpupsDemoTest" name="bTest2" time="0.0">
    <ignored/>
  </testcase> <!-- bTest2 -->
</testsuite> <!-- GRP-bvt -->
