<?xml version="1.0" encoding="UTF-8"?>
<!-- Generated by org.testng.reporters.JUnitXMLReporter -->
<testsuite ignored="0" hostname="DESKTOP-TLETKQT" failures="0" tests="4" name="Default test" time="0.101" errors="0" timestamp="2022-06-14T12:40:57 BDT">
  <testcase classname="com.TestNG_Webportal.DataProviderDemoTest" name="test" time="0.01"/>
  <testcase classname="com.TestNG_Webportal.DataProviderDemoTest" name="test" time="0.002"/>
  <testcase classname="com.TestNG_Webportal.DataProviderDemoTest" name="test" time="0.002"/>
  <testcase classname="com.TestNG_Webportal.DataProviderDemoTest" name="test" time="0.002"/>
</testsuite> <!-- Default test -->
