<?xml version="1.0" encoding="UTF-8"?>
<!-- Generated by org.testng.reporters.JUnitXMLReporter -->
<testsuite ignored="0" hostname="DESKTOP-TLETKQT" failures="0" tests="5" name="Default test" time="1.055" errors="0" timestamp="2022-06-19T12:51:06 BDT">
  <testcase classname="com.extent.Extent_Basics" name="f1" time="0.036"/>
  <testcase classname="com.extent.Extent_Basics" name="f2" time="0.003"/>
  <testcase classname="com.extent.Extent_Basics" name="f3" time="0.013"/>
  <testcase classname="com.extent.Extent_Basics" name="f4" time="0.019"/>
  <testcase classname="com.extent.Extent_Basics" name="f5" time="0.01"/>
</testsuite> <!-- Default test -->
