<?xml version="1.0" encoding="UTF-8"?>
<!-- Generated by org.testng.reporters.JUnitXMLReporter -->
<testsuite ignored="2" hostname="DESKTOP-TLETKQT" failures="0" tests="2" name="Regression" time="0.118" errors="0" timestamp="2022-06-13T14:40:58 BDT">
  <testcase classname="com.TestNG_Webportal.GrpupsDemoTest" name="bTest3" time="0.017"/>
  <testcase classname="com.TestNG_Webportal.GrpupsDemoTest" name="bTest4" time="0.003"/>
  <testcase classname="com.TestNG_Webportal.GrpupsDemoTest" name="bTest2" time="0.0">
    <ignored/>
  </testcase> <!-- bTest2 -->
  <testcase classname="com.TestNG_Webportal.GrpupsDemoTest" name="aTest1" time="0.0">
    <ignored/>
  </testcase> <!-- aTest1 -->
</testsuite> <!-- Regression -->
