<?xml version="1.0" encoding="UTF-8"?>
<!-- Generated by org.testng.reporters.JUnitXMLReporter -->
<testsuite ignored="0" hostname="DESKTOP-TLETKQT" failures="0" tests="4" name="Regression" time="0.133" errors="0" timestamp="2022-06-13T12:46:37 BDT">
  <testcase classname="com.TestNG_Webportal.GrpupsDemoTest" name="bTest3" time="0.017"/>
  <testcase classname="com.TestNG_Webportal.GrpupsDemoTest" name="bTest4" time="0.002"/>
  <testcase classname="com.TestNG_Webportal.GrpupsDemoTest" name="aTest1" time="0.002"/>
  <testcase classname="com.TestNG_Webportal.GrpupsDemoTest" name="bTest2" time="0.002"/>
</testsuite> <!-- Regression -->
