<?xml version="1.0" encoding="UTF-8"?>
<testng-results ignored="0" total="1" passed="1" failed="0" skipped="0">
  <reporter-output>
  </reporter-output>
  <suite started-at="2022-06-20T15:06:36 BDT" name="Default suite" finished-at="2022-06-20T15:06:45 BDT" duration-ms="8360">
    <groups>
    </groups>
    <test started-at="2022-06-20T15:06:36 BDT" name="Default test" finished-at="2022-06-20T15:06:45 BDT" duration-ms="8360">
      <class name="com.extent.Extent_ImikrofLogin">
        <test-method is-config="true" signature="beforeTest()[pri:0, instance:com.extent.Extent_ImikrofLogin@550dbc7a]" started-at="2022-06-20T15:06:36 BDT" name="beforeTest" finished-at="2022-06-20T15:06:42 BDT" duration-ms="5365" status="PASS">
          <reporter-output>
          </reporter-output>
        </test-method> <!-- beforeTest -->
        <test-method signature="Validation()[pri:0, instance:com.extent.Extent_ImikrofLogin@550dbc7a]" started-at="2022-06-20T15:06:42 BDT" name="Validation" finished-at="2022-06-20T15:06:44 BDT" duration-ms="2176" status="PASS">
          <reporter-output>
          </reporter-output>
        </test-method> <!-- Validation -->
        <test-method is-config="true" signature="afterTest()[pri:0, instance:com.extent.Extent_ImikrofLogin@550dbc7a]" started-at="2022-06-20T15:06:44 BDT" name="afterTest" finished-at="2022-06-20T15:06:45 BDT" duration-ms="732" status="PASS">
          <reporter-output>
          </reporter-output>
        </test-method> <!-- afterTest -->
      </class> <!-- com.extent.Extent_ImikrofLogin -->
    </test> <!-- Default test -->
  </suite> <!-- Default suite -->
</testng-results>
