<?xml version="1.0" encoding="UTF-8"?>
<!-- Generated by org.testng.reporters.JUnitXMLReporter -->
<testsuite ignored="0" hostname="DESKTOP-TLETKQT" failures="0" tests="4" name="Test Before suite and After suite" time="0.076" errors="0" timestamp="2022-06-14T11:37:07 BDT">
  <testcase classname="com.TestNG_Webportal.GrpupsDemoTest2" name="bTest3" time="0.009"/>
  <testcase classname="com.TestNG_Webportal.GrpupsDemoTest2" name="bTest4" time="0.002"/>
  <testcase classname="com.TestNG_Webportal.GrpupsDemoTest2" name="aTest1" time="0.002"/>
  <testcase classname="com.TestNG_Webportal.GrpupsDemoTest2" name="bTest2" time="0.002"/>
</testsuite> <!-- Test Before suite and After suite -->
