<?xml version="1.0" encoding="UTF-8"?>
<!-- Generated by org.testng.reporters.JUnitXMLReporter -->
<testsuite ignored="0" hostname="DESKTOP-TLETKQT" failures="0" tests="3" name="Functional Testing" time="8.349" errors="0" timestamp="2022-06-20T15:38:31 BDT">
  <testcase classname="DataProvider.DP_LoginTest" name="Validation" time="1.877"/>
  <testcase classname="DataProvider.DP_LoginTest" name="Validation" time="0.61"/>
  <testcase classname="DataProvider.DP_LoginTest" name="Validation" time="0.671"/>
</testsuite> <!-- Functional Testing -->
